<?xml version="1.0" encoding="UTF-8"?>
<!-- Generated by org.testng.reporters.JUnitReportReporter -->
<testsuite hostname="LAPTOP-BPR3FB0Q" failures="0" tests="1" name="getRequest.getData" time="9.625" errors="0" timestamp="2022-05-11T12:00:02 IST" skipped="0">
  <testcase classname="getRequest.getData" name="addAndUpdatePlace" time="9.625"/>
  <system-out/>
</testsuite> <!-- getRequest.getData -->
