<?xml version="1.0" encoding="UTF-8"?>
<!-- Generated by org.testng.reporters.JUnitReportReporter -->
<testsuite hostname="LAPTOP-BPR3FB0Q" failures="0" tests="3" name="getRequest.dynamicJson" time="3.828" errors="0" timestamp="2022-05-12T11:57:26 IST" skipped="0">
  <testcase classname="getRequest.dynamicJson" name="addBook" time="0.317"/>
  <system-out/>
  <testcase classname="getRequest.dynamicJson" name="addBook" time="0.297"/>
  <system-out/>
  <testcase classname="getRequest.dynamicJson" name="addBook" time="3.214"/>
  <system-out/>
</testsuite> <!-- getRequest.dynamicJson -->
