<?xml version="1.0" encoding="UTF-8"?>
<!-- Generated by org.testng.reporters.JUnitReportReporter -->
<testsuite hostname="LAPTOP-BPR3FB0Q" failures="0" tests="1" name="getRequest.addPlace" time="3.812" errors="0" timestamp="2022-05-12T12:57:43 IST" skipped="0">
  <testcase classname="getRequest.addPlace" name="getBodyFromJsonFile" time="3.812"/>
  <system-out/>
</testsuite> <!-- getRequest.addPlace -->
