<?xml version="1.0" encoding="UTF-8"?>
<!-- Generated by org.testng.reporters.JUnitReportReporter -->
<testsuite hostname="LAPTOP-BPR3FB0Q" failures="0" tests="1" name="getRequest.ComplexJsonParse" time="4.055" errors="0" timestamp="2022-05-11T15:52:44 IST" skipped="0">
  <testcase classname="getRequest.ComplexJsonParse" name="testComplexJson" time="4.055"/>
  <system-out/>
</testsuite> <!-- getRequest.ComplexJsonParse -->
